#
# There is insufficient memory for the Java Runtime Environment to continue.
# Native memory allocation (malloc) failed to allocate 1048576 bytes for AllocateHeap
# Possible reasons:
#   The system is out of physical RAM or swap space
#   The process is running with CompressedOops enabled, and the Java Heap may be blocking the growth of the native heap
# Possible solutions:
#   Reduce memory load on the system
#   Increase physical memory or swap space
#   Check if swap backing store is full
#   Decrease Java heap size (-Xmx/-Xms)
#   Decrease number of Java threads
#   Decrease Java thread stack sizes (-Xss)
#   Set larger code cache with -XX:ReservedCodeCacheSize=
#   JVM is running with Zero Based Compressed Oops mode in which the Java heap is
#     placed in the first 32GB address space. The Java Heap base address is the
#     maximum limit for the native heap growth. Please use -XX:HeapBaseMinAddress
#     to set the Java Heap base and to place the Java Heap above 32GB virtual address.
# This output file may be truncated or incomplete.
#
#  Out of Memory Error (memory/allocation.inline.hpp:61), pid=92820, tid=0x0000000000010278
#
# JRE version:  (8.0_202-b08) (build )
# Java VM: Java HotSpot(TM) 64-Bit Server VM (25.202-b08 mixed mode windows-amd64 compressed oops)
# Failed to write core dump. Minidumps are not enabled by default on client versions of Windows
#

---------------  T H R E A D  ---------------

Current thread (0x0000000003343800):  JavaThread "Unknown thread" [_thread_in_vm, id=66168, stack(0x0000000003070000,0x0000000003170000)]

Stack: [0x0000000003070000,0x0000000003170000]
[error occurred during error reporting (printing stack bounds), id 0xc0000005]

Native frames: (J=compiled Java code, j=interpreted, Vv=VM code, C=native code)


---------------  P R O C E S S  ---------------

Java Threads: ( => current thread )

Other Threads:

=>0x0000000003343800 (exited) JavaThread "Unknown thread" [_thread_in_vm, id=66168, stack(0x0000000003070000,0x0000000003170000)]

VM state:not at safepoint (normal execution)

VM Mutex/Monitor currently owned by a thread: None

heap address: 0x00000006c2400000, size: 4060 MB, Compressed Oops mode: Zero based, Oop shift amount: 3
Narrow klass base: 0x0000000000000000, Narrow klass shift: 3
Compressed class space size: 1073741824 Address: 0x00000007c0000000

Heap:
 PSYoungGen      total 75776K, used 1300K [0x000000076b700000, 0x0000000770b80000, 0x00000007c0000000)
  eden space 65024K, 2% used [0x000000076b700000,0x000000076b8451f8,0x000000076f680000)
  from space 10752K, 0% used [0x0000000770100000,0x0000000770100000,0x0000000770b80000)
  to   space 10752K, 0% used [0x000000076f680000,0x000000076f680000,0x0000000770100000)
 ParOldGen       total 173568K, used 0K [0x00000006c2400000, 0x00000006ccd80000, 0x000000076b700000)
  object space 173568K, 0% used [0x00000006c2400000,0x00000006c2400000,0x00000006ccd80000)
 Metaspace       used 775K, capacity 4480K, committed 4480K, reserved 1056768K
  class space    used 76K, capacity 384K, committed 384K, reserved 1048576K

Card table byte_map: [0x0000000012800000,0x0000000012ff0000] byte_map_base: 0x000000000f1ee000

Marking Bits: (ParMarkBitMap*) 0x0000000053f55ce0
 Begin Bits: [0x0000000014240000, 0x00000000181b0000)
 End Bits:   [0x00000000181b0000, 0x000000001c120000)

Polling page: 0x0000000000f20000

CodeCache: size=245760Kb used=327Kb max_used=327Kb free=245432Kb
 bounds [0x0000000003440000, 0x00000000036b0000, 0x0000000012440000]
 total_blobs=57 nmethods=0 adapters=38
 compilation: enabled

Compilation events (0 events):
No events

GC Heap History (0 events):
No events

Deoptimization events (0 events):
No events

Classes redefined (0 events):
No events

Internal exceptions (0 events):
No events

Events (10 events):
Event: 0.024 loading class java/lang/Short
Event: 0.024 loading class java/lang/Short done
Event: 0.024 loading class java/lang/Integer
Event: 0.024 loading class java/lang/Integer done
Event: 0.024 loading class java/lang/Long
Event: 0.024 loading class java/lang/Long done
Event: 0.025 loading class java/lang/NullPointerException
Event: 0.025 loading class java/lang/NullPointerException done
Event: 0.025 loading class java/lang/ArithmeticException
Event: 0.025 loading class java/lang/ArithmeticException done


Dynamic libraries:
0x00007ff7cfc40000 - 0x00007ff7cfc77000 	D:\Java\jdk1.8.0_202\bin\java.exe
0x00007ffadf6a0000 - 0x00007ffadf8a9000 	C:\Windows\SYSTEM32\ntdll.dll
0x00007ffadef00000 - 0x00007ffadefbd000 	C:\Windows\System32\KERNEL32.DLL
0x00007ffadcc00000 - 0x00007ffadcf79000 	C:\Windows\System32\KERNELBASE.dll
0x00007ffade0e0000 - 0x00007ffade18e000 	C:\Windows\System32\ADVAPI32.dll
0x00007ffadd560000 - 0x00007ffadd603000 	C:\Windows\System32\msvcrt.dll
0x00007ffade5f0000 - 0x00007ffade68e000 	C:\Windows\System32\sechost.dll
0x00007ffade190000 - 0x00007ffade2b0000 	C:\Windows\System32\RPCRT4.dll
0x00007ffade390000 - 0x00007ffade53c000 	C:\Windows\System32\USER32.dll
0x00007ffadd460000 - 0x00007ffadd486000 	C:\Windows\System32\win32u.dll
0x00007ffadd8f0000 - 0x00007ffadd919000 	C:\Windows\System32\GDI32.dll
0x00007ffadd340000 - 0x00007ffadd452000 	C:\Windows\System32\gdi32full.dll
0x00007ffadd490000 - 0x00007ffadd52d000 	C:\Windows\System32\msvcp_win.dll
0x00007ffadcf80000 - 0x00007ffadd091000 	C:\Windows\System32\ucrtbase.dll
0x00007ffac75f0000 - 0x00007ffac7895000 	C:\Windows\WinSxS\amd64_microsoft.windows.common-controls_6595b64144ccf1df_6.0.22000.120_none_9d947278b86cc467\COMCTL32.dll
0x00007ffadebc0000 - 0x00007ffadebf1000 	C:\Windows\System32\IMM32.DLL
0x0000000053fe0000 - 0x00000000540b2000 	D:\Java\jdk1.8.0_202\jre\bin\msvcr100.dll
0x0000000053730000 - 0x0000000053fd5000 	D:\Java\jdk1.8.0_202\jre\bin\server\jvm.dll
0x00007ffadd530000 - 0x00007ffadd538000 	C:\Windows\System32\PSAPI.DLL
0x00007ffad5910000 - 0x00007ffad591a000 	C:\Windows\SYSTEM32\VERSION.dll
0x00007ffac5d50000 - 0x00007ffac5d59000 	C:\Windows\SYSTEM32\WSOCK32.dll
0x00007ffad3860000 - 0x00007ffad3893000 	C:\Windows\SYSTEM32\WINMM.dll
0x00007ffade320000 - 0x00007ffade38f000 	C:\Windows\System32\WS2_32.dll
0x00007ffac8a00000 - 0x00007ffac8a0f000 	D:\Java\jdk1.8.0_202\jre\bin\verify.dll
0x00007ffac7d50000 - 0x00007ffac7d79000 	D:\Java\jdk1.8.0_202\jre\bin\java.dll
0x00007ffac3bc0000 - 0x00007ffac3be3000 	D:\Java\jdk1.8.0_202\jre\bin\instrument.dll
0x00007ffac8670000 - 0x00007ffac8686000 	D:\Java\jdk1.8.0_202\jre\bin\zip.dll

VM Arguments:
jvm_args: -javaagent:D:\JetBrains\IntelliJ IDEA 2021.2\lib\idea_rt.jar=13797:D:\JetBrains\IntelliJ IDEA 2021.2\bin -Dfile.encoding=UTF-8 
java_command: com.kk.direct.Producer
java_class_path (initial): D:\Java\jdk1.8.0_202\jre\lib\charsets.jar;D:\Java\jdk1.8.0_202\jre\lib\deploy.jar;D:\Java\jdk1.8.0_202\jre\lib\ext\access-bridge-64.jar;D:\Java\jdk1.8.0_202\jre\lib\ext\cldrdata.jar;D:\Java\jdk1.8.0_202\jre\lib\ext\dnsns.jar;D:\Java\jdk1.8.0_202\jre\lib\ext\jaccess.jar;D:\Java\jdk1.8.0_202\jre\lib\ext\jfxrt.jar;D:\Java\jdk1.8.0_202\jre\lib\ext\localedata.jar;D:\Java\jdk1.8.0_202\jre\lib\ext\nashorn.jar;D:\Java\jdk1.8.0_202\jre\lib\ext\sunec.jar;D:\Java\jdk1.8.0_202\jre\lib\ext\sunjce_provider.jar;D:\Java\jdk1.8.0_202\jre\lib\ext\sunmscapi.jar;D:\Java\jdk1.8.0_202\jre\lib\ext\sunpkcs11.jar;D:\Java\jdk1.8.0_202\jre\lib\ext\zipfs.jar;D:\Java\jdk1.8.0_202\jre\lib\javaws.jar;D:\Java\jdk1.8.0_202\jre\lib\jce.jar;D:\Java\jdk1.8.0_202\jre\lib\jfr.jar;D:\Java\jdk1.8.0_202\jre\lib\jfxswt.jar;D:\Java\jdk1.8.0_202\jre\lib\jsse.jar;D:\Java\jdk1.8.0_202\jre\lib\management-agent.jar;D:\Java\jdk1.8.0_202\jre\lib\plugin.jar;D:\Java\jdk1.8.0_202\jre\lib\resources.jar;D:\Java\jdk1.8.0_202\jre\lib\rt.jar;E:\2022年\学习\计算机学习\Java\RabbitMQStudy2\target\classes;D:\Maven\repository\org\springframework\boot\spring-boot-starter\2.7.2\spring-boot-starter-2.7.2.jar;D:\Maven\repository\org\springframework\boot\spring-boot\2.7.2\spring-boot-2.7.2.jar;D:\Maven\repository\org\springframework\spring-context\5.3.22\spring-context-5.3.22.jar;D:\Maven\repository\org\springframework\spring-aop\5.3.22\spring-aop-5.3.22.jar;D:\Maven\repository\org\springframework\spring-expression\5.3.22\spring-expression-5.3.22.jar;D:\Maven\repository\org\springframework\boot\spring-boot-autoconfigure\2.7.2\spring-boot-autoconfigure-2.7.2.jar;D:\Maven\repository\org\springframework\boot\spring-boot-starter-logging\2.7.2\spring-boot-starter-logging-2.7.2.jar;D:\Maven\repository\ch\qos\logback\logback-classic\1.2.11\logback-classic-1.2.11.jar;D:\Maven\repository\ch\qos\logback\logback-core\1.2.11\logback-core-1.2.11.jar;D:\Maven\repository\org\apache\logging\log4j\log4j-to-slf4j\2.17.2\l
Launcher Type: SUN_STANDARD

Environment Variables:
JAVA_HOME=D:\Java\jdk1.8.0_202
PATH=C:\Program Files (x86)\Common Files\Oracle\Java\javapath;C:\Windows\system32;C:\Windows;C:\Windows\System32\Wbem;C:\Windows\System32\WindowsPowerShell\v1.0\;C:\Windows\System32\OpenSSH\;C:\Program Files (x86)\NVIDIA Corporation\PhysX\Common;C:\Program Files\NVIDIA Corporation\NVIDIA NvDLISR;D:\Git\cmd;D:\Java\jdk1.8.0_202\bin;D:\Redis;D:\elasticsearch-6.4.3\bin;D:\wkhtmltopdf\bin;D:\Xshell\;D:\Xftp\;D:\Erlang OTP\bin;D:\RocketMQ\bin;D:\nodejs\;D:\MySQL\MySQL Server 8.0\bin;D:\RabbitMQ Server\rabbitmq_server-3.10.7\sbin;C:\Users\Lucky\AppData\Local\Microsoft\WindowsApps;C:\Users\Lucky\AppData\Roaming\npm
USERNAME=Lucky
OS=Windows_NT
PROCESSOR_IDENTIFIER=AMD64 Family 25 Model 80 Stepping 0, AuthenticAMD



---------------  S Y S T E M  ---------------

OS: Windows 10.0 , 64 bit Build 22000 (10.0.22000.708)

CPU:total 16 (initial active 16) (16 cores per cpu, 1 threads per core) family 25 model 80 stepping 0, cmov, cx8, fxsr, mmx, sse, sse2, sse3, ssse3, sse4.1, sse4.2, popcnt, avx, avx2, aes, clmul, erms, mmxext, 3dnowpref, lzcnt, sse4a, tsc, tscinvbit, tscinv, bmi1

Memory: 4k page, physical 16625724k(2073868k free), swap 32374328k(6036k free)

vm_info: Java HotSpot(TM) 64-Bit Server VM (25.202-b08) for windows-amd64 JRE (1.8.0_202-b08), built on Dec 15 2018 19:54:30 by "java_re" with MS VC++ 10.0 (VS2010)

time: Thu Aug 11 11:13:31 2022
timezone: 中国标准时间
elapsed time: 0 seconds (0d 0h 0m 0s)

